2025-12-13T16:24:20.286955195+07:00 ERROR rust_learn::config::try_log::tests - This is an error message
2025-12-13T16:24:20.287048363+07:00 WARN rust_learn::config::try_log::tests - This is a warning message
2025-12-13T16:24:20.287083268+07:00 INFO rust_learn::config::try_log::tests - This is an info message
2025-12-13T16:25:37.302458029+07:00 ERROR rust_learn::config::try_log::tests - This is an error message
2025-12-13T16:25:37.302543125+07:00 WARN rust_learn::config::try_log::tests - This is a warning message
2025-12-13T16:25:37.302589830+07:00 INFO rust_learn::config::try_log::tests - This is an info message
2025-12-13T16:30:06.300080744+07:00 ERROR rust_learn::config::try_log::tests_log_2 - This is an error message
2025-12-13T16:30:06.300149427+07:00 WARN rust_learn::config::try_log::tests_log_2 - This is a warning message
2025-12-13T16:30:06.300185016+07:00 INFO rust_learn::config::try_log::tests_log_2 - This is an info message
2025-12-13T16:30:42.265274132+07:00 ERROR rust_learn::config::try_log::tests_log - This is an error message
2025-12-13T16:30:42.265428470+07:00 WARN rust_learn::config::try_log::tests_log - This is a warning message
2025-12-13T16:30:42.265491079+07:00 INFO rust_learn::config::try_log::tests_log - This is an info message
2025-12-13T16:30:53.015627274+07:00 ERROR rust_learn::config::try_log::tests_log_2 - This is an error message
2025-12-13T16:30:53.015736682+07:00 WARN rust_learn::config::try_log::tests_log_2 - This is a warning message
2025-12-13T16:30:53.015794190+07:00 INFO rust_learn::config::try_log::tests_log_2 - This is an info message
2025-12-13T16:31:08.162118893+07:00 ERROR rust_learn::config::try_log::tests_log_2 - This is an error message
2025-12-13T16:31:08.162200302+07:00 WARN rust_learn::config::try_log::tests_log_2 - This is a warning message
2025-12-13T16:31:08.162237471+07:00 INFO rust_learn::config::try_log::tests_log_2 - This is an info message
2025-12-13T16:31:45.822797488+07:00 ERROR rust_learn::config::try_log::tests_log_2 - This is an error message
2025-12-13T16:31:45.822862309+07:00 WARN rust_learn::config::try_log::tests_log_2 - This is a warning message
2025-12-13T16:31:45.822890263+07:00 INFO rust_learn::config::try_log::tests_log_2 - This is an info message
2025-12-13T16:33:05.997953631+07:00 ERROR rust_learn::config::try_log::tests_log - This is an error message
2025-12-13T16:33:05.998145795+07:00 WARN rust_learn::config::try_log::tests_log - This is a warning message
2025-12-13T16:33:05.998240165+07:00 INFO rust_learn::config::try_log::tests_log - This is an info message
